2019-10-25 16:58:34,908 DEBUG    root            Loaded Command Group: [u'gcloud', u'components']
2019-10-25 16:58:34,911 DEBUG    root            Loaded Command Group: [u'gcloud', u'components', u'update']
2019-10-25 16:58:34,915 DEBUG    root            Running [gcloud.components.update] with arguments: [--quiet: "True", COMPONENT-IDS:8: "[u'gcloud', u'core', u'bq', u'gsutil', u'compute', u'preview', u'alpha', u'beta']"]
2019-10-25 16:58:34,963 WARNING  root            Component [preview] no longer exists.
2019-10-25 16:58:34,963 WARNING  root            Component [compute] no longer exists.
2019-10-25 16:58:34,965 INFO     ___FILE_ONLY___ 

2019-10-25 16:58:34,965 INFO     ___FILE_ONLY___ 
Your current Cloud SDK version is: 268.0.0

2019-10-25 16:58:34,965 INFO     ___FILE_ONLY___ Installing components from version: 268.0.0

2019-10-25 16:58:34,965 INFO     ___FILE_ONLY___ 

2019-10-25 16:58:34,970 INFO     ___FILE_ONLY___ +----------------------------------------------+
2019-10-25 16:58:34,970 INFO     ___FILE_ONLY___ 

2019-10-25 16:58:34,970 INFO     ___FILE_ONLY___ |     These components will be installed.      |
2019-10-25 16:58:34,970 INFO     ___FILE_ONLY___ 

2019-10-25 16:58:34,970 INFO     ___FILE_ONLY___ +-----------------------+------------+---------+
2019-10-25 16:58:34,970 INFO     ___FILE_ONLY___ 

2019-10-25 16:58:34,971 INFO     ___FILE_ONLY___ |          Name         |  Version   |   Size  |
2019-10-25 16:58:34,971 INFO     ___FILE_ONLY___ 

2019-10-25 16:58:34,971 INFO     ___FILE_ONLY___ +-----------------------+------------+---------+
2019-10-25 16:58:34,971 INFO     ___FILE_ONLY___ 

2019-10-25 16:58:34,971 INFO     ___FILE_ONLY___ | 
2019-10-25 16:58:34,971 INFO     ___FILE_ONLY___ gcloud Alpha Commands
2019-10-25 16:58:34,971 INFO     ___FILE_ONLY___  
2019-10-25 16:58:34,971 INFO     ___FILE_ONLY___ | 
2019-10-25 16:58:34,971 INFO     ___FILE_ONLY___ 2019.05.17
2019-10-25 16:58:34,972 INFO     ___FILE_ONLY___  
2019-10-25 16:58:34,972 INFO     ___FILE_ONLY___ | 
2019-10-25 16:58:34,972 INFO     ___FILE_ONLY___ < 1 MiB
2019-10-25 16:58:34,972 INFO     ___FILE_ONLY___  
2019-10-25 16:58:34,972 INFO     ___FILE_ONLY___ |
2019-10-25 16:58:34,972 INFO     ___FILE_ONLY___ 

2019-10-25 16:58:34,972 INFO     ___FILE_ONLY___ | 
2019-10-25 16:58:34,972 INFO     ___FILE_ONLY___ gcloud Beta Commands 
2019-10-25 16:58:34,972 INFO     ___FILE_ONLY___  
2019-10-25 16:58:34,973 INFO     ___FILE_ONLY___ | 
2019-10-25 16:58:34,973 INFO     ___FILE_ONLY___ 2019.05.17
2019-10-25 16:58:34,973 INFO     ___FILE_ONLY___  
2019-10-25 16:58:34,973 INFO     ___FILE_ONLY___ | 
2019-10-25 16:58:34,973 INFO     ___FILE_ONLY___ < 1 MiB
2019-10-25 16:58:34,973 INFO     ___FILE_ONLY___  
2019-10-25 16:58:34,973 INFO     ___FILE_ONLY___ |
2019-10-25 16:58:34,973 INFO     ___FILE_ONLY___ 

2019-10-25 16:58:34,973 INFO     ___FILE_ONLY___ +-----------------------+------------+---------+
2019-10-25 16:58:34,973 INFO     ___FILE_ONLY___ 

2019-10-25 16:58:34,974 INFO     ___FILE_ONLY___ 

2019-10-25 16:58:35,007 INFO     ___FILE_ONLY___ For the latest full release notes, please visit:
  https://cloud.google.com/sdk/release_notes


2019-10-25 16:58:35,013 INFO     ___FILE_ONLY___ #============================================================#

2019-10-25 16:58:35,013 INFO     ___FILE_ONLY___ #= Creating update staging area                             =#

2019-10-25 16:58:35,013 INFO     ___FILE_ONLY___ #
2019-10-25 16:58:35,013 INFO     ___FILE_ONLY___ ======
2019-10-25 16:58:35,321 INFO     ___FILE_ONLY___ ======
2019-10-25 16:58:35,321 INFO     ___FILE_ONLY___ ======
2019-10-25 16:58:35,489 INFO     ___FILE_ONLY___ =
2019-10-25 16:58:35,534 INFO     ___FILE_ONLY___ =
2019-10-25 16:58:35,605 INFO     ___FILE_ONLY___ =
2019-10-25 16:58:35,646 INFO     ___FILE_ONLY___ =
2019-10-25 16:58:35,698 INFO     ___FILE_ONLY___ =
2019-10-25 16:58:35,759 INFO     ___FILE_ONLY___ =
2019-10-25 16:58:35,803 INFO     ___FILE_ONLY___ =
2019-10-25 16:58:35,849 INFO     ___FILE_ONLY___ =
2019-10-25 16:58:35,895 INFO     ___FILE_ONLY___ =
2019-10-25 16:58:35,940 INFO     ___FILE_ONLY___ =
2019-10-25 16:58:35,984 INFO     ___FILE_ONLY___ =
2019-10-25 16:58:36,023 INFO     ___FILE_ONLY___ =
2019-10-25 16:58:36,053 INFO     ___FILE_ONLY___ =
2019-10-25 16:58:36,094 INFO     ___FILE_ONLY___ =
2019-10-25 16:58:36,148 INFO     ___FILE_ONLY___ =
2019-10-25 16:58:36,189 INFO     ___FILE_ONLY___ =
2019-10-25 16:58:36,241 INFO     ___FILE_ONLY___ =
2019-10-25 16:58:36,281 INFO     ___FILE_ONLY___ =
2019-10-25 16:58:36,346 INFO     ___FILE_ONLY___ =
2019-10-25 16:58:36,401 INFO     ___FILE_ONLY___ =
2019-10-25 16:58:36,455 INFO     ___FILE_ONLY___ =
2019-10-25 16:58:36,494 INFO     ___FILE_ONLY___ =
2019-10-25 16:58:36,537 INFO     ___FILE_ONLY___ =
2019-10-25 16:58:36,583 INFO     ___FILE_ONLY___ =
2019-10-25 16:58:36,629 INFO     ___FILE_ONLY___ =
2019-10-25 16:58:36,661 INFO     ___FILE_ONLY___ =
2019-10-25 16:58:36,713 INFO     ___FILE_ONLY___ =
2019-10-25 16:58:36,929 INFO     ___FILE_ONLY___ =
2019-10-25 16:58:36,994 INFO     ___FILE_ONLY___ =
2019-10-25 16:58:37,080 INFO     ___FILE_ONLY___ =
2019-10-25 16:58:37,207 INFO     ___FILE_ONLY___ =
2019-10-25 16:58:37,310 INFO     ___FILE_ONLY___ =
2019-10-25 16:58:37,333 INFO     ___FILE_ONLY___ =
2019-10-25 16:58:37,380 INFO     ___FILE_ONLY___ =
2019-10-25 16:58:37,434 INFO     ___FILE_ONLY___ =
2019-10-25 16:58:37,484 INFO     ___FILE_ONLY___ =
2019-10-25 16:58:37,578 INFO     ___FILE_ONLY___ =
2019-10-25 16:58:37,643 INFO     ___FILE_ONLY___ =
2019-10-25 16:58:37,703 INFO     ___FILE_ONLY___ =
2019-10-25 16:58:37,739 INFO     ___FILE_ONLY___ =
2019-10-25 16:58:37,781 INFO     ___FILE_ONLY___ =
2019-10-25 16:58:37,849 INFO     ___FILE_ONLY___ =
2019-10-25 16:58:37,849 INFO     ___FILE_ONLY___ #

2019-10-25 16:58:37,862 INFO     ___FILE_ONLY___ #= Installing: gcloud Alpha Commands                        =#

2019-10-25 16:58:37,862 INFO     ___FILE_ONLY___ #
2019-10-25 16:58:37,884 INFO     ___FILE_ONLY___ ==============================
2019-10-25 16:58:37,886 INFO     ___FILE_ONLY___ =======
2019-10-25 16:58:37,886 INFO     ___FILE_ONLY___ ========
2019-10-25 16:58:37,887 INFO     ___FILE_ONLY___ =======
2019-10-25 16:58:37,887 INFO     ___FILE_ONLY___ ========
2019-10-25 16:58:37,887 INFO     ___FILE_ONLY___ #

2019-10-25 16:58:37,896 INFO     ___FILE_ONLY___ #= Installing: gcloud Beta Commands                         =#

2019-10-25 16:58:37,896 INFO     ___FILE_ONLY___ #
2019-10-25 16:58:37,919 INFO     ___FILE_ONLY___ ==============================
2019-10-25 16:58:37,920 INFO     ___FILE_ONLY___ =======
2019-10-25 16:58:37,920 INFO     ___FILE_ONLY___ ========
2019-10-25 16:58:37,921 INFO     ___FILE_ONLY___ =======
2019-10-25 16:58:37,921 INFO     ___FILE_ONLY___ ========
2019-10-25 16:58:37,921 INFO     ___FILE_ONLY___ #

2019-10-25 16:58:37,930 INFO     ___FILE_ONLY___ #= Creating backup and activating new installation          =#

2019-10-25 16:58:37,930 INFO     ___FILE_ONLY___ #
2019-10-25 16:58:37,930 DEBUG    root            Attempting to move directory [/tools/google-cloud-sdk] to [/tools/google-cloud-sdk.staging/.install/.backup]
2019-10-25 16:58:37,931 INFO     ___FILE_ONLY___ ==============================
2019-10-25 16:58:37,931 DEBUG    root            Attempting to move directory [/tools/google-cloud-sdk.staging] to [/tools/google-cloud-sdk]
2019-10-25 16:58:37,931 INFO     ___FILE_ONLY___ ==============================
2019-10-25 16:58:37,931 INFO     ___FILE_ONLY___ #

2019-10-25 16:58:37,937 DEBUG    root            Updating notification cache...
2019-10-25 16:58:37,937 INFO     ___FILE_ONLY___ 

2019-10-25 16:58:37,942 INFO     ___FILE_ONLY___ Performing post processing steps...
2019-10-25 16:58:37,943 DEBUG    root            Executing command: ['/usr/bin/python2', u'-S', u'/tools/google-cloud-sdk/lib/gcloud.py', u'components', u'post-process']
2019-10-25 16:58:38,807 DEBUG    ___FILE_ONLY___ 
2019-10-25 16:58:38,807 DEBUG    ___FILE_ONLY___ 
2019-10-25 16:58:38,946 INFO     ___FILE_ONLY___ 
Update done!


2019-10-25 16:58:38,951 INFO     root            Display format: "none"
